<?xml version="1.0" encoding="UTF-8"?>
<!-- Generated by org.testng.reporters.JUnitReportReporter -->
<testsuite hostname="LAPTOP-POCHI3TQ" failures="0" tests="1" name="com.inetBanking.TestCases.TC_AddAccountTest_005" time="16.280" errors="0" timestamp="2023-05-30T17:55:56 IST" skipped="0">
  <testcase classname="com.inetBanking.TestCases.TC_AddAccountTest_005" name="addNewAccount" time="16.280"/>
  <system-out/>
</testsuite> <!-- com.inetBanking.TestCases.TC_AddAccountTest_005 -->
