<?xml version="1.0" encoding="UTF-8"?>
<!-- Generated by org.testng.reporters.JUnitReportReporter -->
<testsuite hostname="LAPTOP-POCHI3TQ" failures="0" tests="1" name="com.inetBanking.TestCases.TC_loginTest_001" time="2.213" errors="0" timestamp="2023-05-27T17:02:15 IST" skipped="0">
  <testcase classname="com.inetBanking.TestCases.TC_loginTest_001" name="loginTest" time="2.213"/>
  <system-out/>
</testsuite> <!-- com.inetBanking.TestCases.TC_loginTest_001 -->
