<?xml version="1.0" encoding="UTF-8"?>
<!-- Generated by org.testng.reporters.JUnitReportReporter -->
<testsuite hostname="LAPTOP-POCHI3TQ" failures="0" tests="1" name="com.inetBanking.TestCases.TC_EditCustmorTest_004" time="19.130" errors="0" timestamp="2023-05-27T18:30:36 IST" skipped="0">
  <testcase classname="com.inetBanking.TestCases.TC_EditCustmorTest_004" name="editCustmor" time="19.130"/>
  <system-out/>
</testsuite> <!-- com.inetBanking.TestCases.TC_EditCustmorTest_004 -->
