<?xml version="1.0" encoding="UTF-8"?>
<!-- Generated by org.testng.reporters.JUnitReportReporter -->
<testsuite hostname="LAPTOP-POCHI3TQ" failures="0" tests="1" name="com.inetBanking.TestCases.TC_loginTest_001" time="1.572" errors="0" timestamp="2023-06-07T22:52:19 IST" skipped="0">
  <testcase classname="com.inetBanking.TestCases.TC_loginTest_001" name="loginTest" time="1.572"/>
  <system-out/>
</testsuite> <!-- com.inetBanking.TestCases.TC_loginTest_001 -->
